<?xml version="1.0" encoding="UTF-8"?>
<testng-results skipped="0" failed="0" ignored="0" total="1" passed="1">
  <reporter-output>
  </reporter-output>
  <suite name="Default suite" duration-ms="79421" started-at="2020-03-24T07:20:17Z" finished-at="2020-03-24T07:21:37Z">
    <groups>
    </groups>
    <test name="Default test" duration-ms="79421" started-at="2020-03-24T07:20:17Z" finished-at="2020-03-24T07:21:37Z">
      <class name="com.test.login.logintest">
        <test-method status="PASS" signature="test_Home_Page_Appear_Correct()[pri:0, instance:com.test.login.logintest@2d928643]" name="test_Home_Page_Appear_Correct" duration-ms="79216" started-at="2020-03-24T07:20:17Z" finished-at="2020-03-24T07:21:37Z">
          <reporter-output>
          </reporter-output>
        </test-method> <!-- test_Home_Page_Appear_Correct -->
      </class> <!-- com.test.login.logintest -->
    </test> <!-- Default test -->
  </suite> <!-- Default suite -->
</testng-results>
